0 info it worked if it ends with ok
1 verbose cli [ '/usr/local/bin/node', '/usr/local/bin/npm', 'run', 'test' ]
2 info using npm@2.14.12
3 info using node@v4.2.4
4 verbose run-script [ 'pretest', 'test', 'posttest' ]
5 info pretest webpack-simple-starter@1.0.0
6 info test webpack-simple-starter@1.0.0
7 verbose unsafe-perm in lifecycle true
8 info webpack-simple-starter@1.0.0 Failed to exec test script
9 verbose stack Error: webpack-simple-starter@1.0.0 test: `karma start`
9 verbose stack Exit status 1
9 verbose stack     at EventEmitter.<anonymous> (/usr/local/lib/node_modules/npm/lib/utils/lifecycle.js:214:16)
9 verbose stack     at emitTwo (events.js:87:13)
9 verbose stack     at EventEmitter.emit (events.js:172:7)
9 verbose stack     at ChildProcess.<anonymous> (/usr/local/lib/node_modules/npm/lib/utils/spawn.js:24:14)
9 verbose stack     at emitTwo (events.js:87:13)
9 verbose stack     at ChildProcess.emit (events.js:172:7)
9 verbose stack     at maybeClose (internal/child_process.js:818:16)
9 verbose stack     at Process.ChildProcess._handle.onexit (internal/child_process.js:211:5)
10 verbose pkgid webpack-simple-starter@1.0.0
11 verbose cwd /Users/NguyenHoangPhuc/dev_/webpack-stater-template
12 error Darwin 15.4.0
13 error argv "/usr/local/bin/node" "/usr/local/bin/npm" "run" "test"
14 error node v4.2.4
15 error npm  v2.14.12
16 error code ELIFECYCLE
17 error webpack-simple-starter@1.0.0 test: `karma start`
17 error Exit status 1
18 error Failed at the webpack-simple-starter@1.0.0 test script 'karma start'.
18 error This is most likely a problem with the webpack-simple-starter package,
18 error not with npm itself.
18 error Tell the author that this fails on your system:
18 error     karma start
18 error You can get their info via:
18 error     npm owner ls webpack-simple-starter
18 error There is likely additional logging output above.
19 verbose exit [ 1, true ]
